<?xml version="1.0" encoding="UTF-8"?>
<!-- Generated by org.testng.reporters.JUnitReportReporter -->
<testsuite skipped="0" hostname="P2C-6BL6NK2" name="com.accenture.tests.LoginTest" tests="1" failures="0" timestamp="09 Sep 2018 07:13:57 GMT" time="6.933" errors="0">
  <testcase name="TestLogin" time="6.933" classname="com.accenture.tests.LoginTest"/>
</testsuite> <!-- com.accenture.tests.LoginTest -->
