<?xml version="1.0" encoding="UTF-8"?>
<!-- Generated by org.testng.reporters.JUnitReportReporter -->
<testsuite skipped="0" hostname="P2C-6BL6NK2" name="RobotUploadFile.RobotUploadFile" tests="1" failures="0" timestamp="08 Sep 2018 06:49:26 GMT" time="9.479" errors="0">
  <testcase name="f" time="9.479" classname="RobotUploadFile.RobotUploadFile"/>
</testsuite> <!-- RobotUploadFile.RobotUploadFile -->
