<?xml version="1.0" encoding="UTF-8"?>
<!-- Generated by org.testng.reporters.JUnitReportReporter -->
<testsuite skipped="0" hostname="P2C-6BL6NK2" name="Demo01_SeleniumGrid.Demo01_SeleniumGrid" tests="1" failures="0" timestamp="08 Sep 2018 09:49:03 GMT" time="6.814" errors="0">
  <testcase name="f" time="6.814" classname="Demo01_SeleniumGrid.Demo01_SeleniumGrid"/>
</testsuite> <!-- Demo01_SeleniumGrid.Demo01_SeleniumGrid -->
