<?xml version="1.0" encoding="UTF-8"?>
<!-- Generated by org.testng.reporters.JUnitReportReporter -->
<testsuite skipped="0" hostname="P2C-6BL6NK2" name="Demo01_Cookies.Demo01_Cookies" tests="1" failures="0" timestamp="08 Sep 2018 07:28:17 GMT" time="7.570" errors="0">
  <testcase name="f" time="7.570" classname="Demo01_Cookies.Demo01_Cookies"/>
</testsuite> <!-- Demo01_Cookies.Demo01_Cookies -->
