<?xml version="1.0" encoding="UTF-8"?>
<!-- Generated by org.testng.reporters.JUnitReportReporter -->
<testsuite skipped="0" hostname="P2C-6BL6NK2" name="Screenshot.Screenshot" tests="1" failures="0" timestamp="08 Sep 2018 07:01:00 GMT" time="6.237" errors="0">
  <testcase name="f" time="6.237" classname="Screenshot.Screenshot"/>
</testsuite> <!-- Screenshot.Screenshot -->
