<?xml version="1.0" encoding="UTF-8"?>
<!-- Generated by org.testng.reporters.JUnitReportReporter -->
<testsuite skipped="1" hostname="P2C-6BL6NK2" name="Demo01_Action" tests="2" failures="0" timestamp="08 Sep 2018 06:14:29 GMT" time="0.110" errors="0">
  <testcase name="demoRobot" time="0.110" classname="Demo01_Action"/>
  <testcase name="f" classname="Demo01_Action">
    <skipped/>
  </testcase> <!-- f -->
</testsuite> <!-- Demo01_Action -->
